<?xml version="1.0" encoding="UTF-8" ?>
<testsuite errors="0" failures="0" hostname="antoniopagano.local" name="APIControllerTests" tests="4" time="108.292" timestamp="2012-12-02T18:52:41">
  <properties />
  <testcase classname="APIControllerTests" name="testCorrectAddInstance" time="54.649" />
  <testcase classname="APIControllerTests" name="testIncompleteAddInstance" time="0.0080" />
  <testcase classname="APIControllerTests" name="testListInstance" time="53.546" />
  <testcase classname="APIControllerTests" name="testDeleteInstance" time="0.075" />
  <system-out><![CDATA[--Output from testCorrectAddInstance--
| Starting instance: java -Xmx512m -XX:PermSize=64M -XX:MaxPermSize=128M -jar /Users/antoniopagano/Desktop/deployer/lib/jetty-runner.jar --port 1212 /Users/antoniopagano/Desktop/deployer/apps/c5050201-d134-4cd8-addf-ef48cb139ae2.war 
--Output from testIncompleteAddInstance--
--Output from testListInstance--
| Starting instance: java -Xmx512m -XX:PermSize=64M -XX:MaxPermSize=128M -jar /Users/antoniopagano/Desktop/deployer/lib/jetty-runner.jar --port 1212 /Users/antoniopagano/Desktop/deployer/apps/5469f0b7-1c58-4f62-8b2e-b868b27a794b.war 
--Output from testDeleteInstance--
]]></system-out>
  <system-err><![CDATA[--Output from testCorrectAddInstance--
--Output from testIncompleteAddInstance--
--Output from testListInstance--
--Output from testDeleteInstance--
]]></system-err>
</testsuite>
